02.01.2025 08:49:53 | User Error | ffdsef
02.01.2025 08:59:17 | User Error | hello
02.01.2025 09:00:27 | User Error | ffdsef
02.01.2025 09:00:48 | User Error | hello
02.01.2025 09:01:37 | User Error | fsefsd
02.01.2025 09:03:15 | User Error | fdsef
02.01.2025 09:04:07 | User Error | fdsefa
02.01.2025 09:07:02 | User Error | fdserfdss
02.01.2025 09:08:16 | User Error | fdsefed
02.01.2025 09:08:39 | User Error | fdsaefd
02.01.2025 09:09:06 | User Error | fdsaef
02.01.2025 09:09:27 | User Error | fdsaef
02.01.2025 09:09:55 | User Error | dfsaefdsae
02.01.2025 09:10:10 | User Error | fdsaefdase
02.01.2025 09:12:03 | User Error | fdsaefrda
02.01.2025 09:12:24 | User Error | fdsaefdsae
02.01.2025 09:13:00 | User Error | fdsaefdsae
02.01.2025 09:17:25 | User Error | fdsaefdsa
02.01.2025 09:19:21 | User Error | fdasefda
02.01.2025 09:20:01 | User Error | fdsaefd
02.01.2025 09:20:19 | User Error | dfdsaef
02.01.2025 09:22:05 | User Error | fdsaef
02.01.2025 09:22:33 | User Error | fdsaefdsae
02.01.2025 09:23:44 | User Error | fdsaefdsa
02.01.2025 09:24:05 | User Error | fdsaefdsa
02.01.2025 09:24:30 | User Error | fdsaefdsae
02.01.2025 09:24:47 | User Error | fdsaefdsa
02.01.2025 09:25:00 | User Error | fdsaefdsa
02.01.2025 09:26:19 | User Error | dsaefds
02.01.2025 09:27:55 | User Error | fdsaefds
02.01.2025 09:29:49 | User Error | dfdsaef
02.01.2025 09:31:09 | User Error | fdsaefd
02.01.2025 09:32:12 | User Error | fdsaefd
02.01.2025 09:34:29 | User Error | fdsaefd
02.01.2025 09:35:19 | User Error | fdasef
02.01.2025 09:38:50 | User Error | fdsaefda
02.01.2025 09:41:31 | User Error | fdsaefd
02.01.2025 09:42:10 | User Error | fdasefda
