02.08.2025 08:19:55 | User Error | fdsaefdsaef
02.08.2025 08:21:06 | User Error | fdsaefdsae
02.08.2025 08:21:25 | User Error | fdsaefdsa
02.08.2025 08:22:55 | User Error | fdsaef
02.08.2025 08:26:41 | User Error | fdsaedsa
02.08.2025 08:26:56 | User Error | fdsaefdsae
02.08.2025 08:27:47 | User Error | dsaefdsaef
02.08.2025 08:27:47 | User Error | dsaefdsaef
02.08.2025 08:28:38 | User Error | fdsaefdsae
02.08.2025 08:29:18 | User Error | fdsaefdsa
02.08.2025 08:29:28 | User Error | fdsaefdsa
02.08.2025 08:29:41 | User Error | fdsaefdsaef
02.08.2025 08:29:49 | User Error | fdsaefdsa
02.08.2025 08:29:56 | User Error | fdsaefdsaef
02.08.2025 08:30:13 | User Error | fdsaefdsa
02.08.2025 08:30:30 | User Error | fdsaefdsa
02.08.2025 08:32:28 | User Error | fdsaef
02.08.2025 08:33:13 | User Error | fdsaefdsa
02.08.2025 08:33:52 | User Error | fdsaefdsa
02.08.2025 08:34:17 | User Error | fdsaefd
02.08.2025 08:34:54 | User Error | fdsaef
02.08.2025 08:35:37 | User Error | fdsaef
02.08.2025 08:36:15 | User Error | fdsaef
02.08.2025 08:38:01 | User Error | fdsaef
02.08.2025 08:38:34 | User Error | fdsaefdsae
02.08.2025 08:43:40 | User Error | fdsaef
02.08.2025 08:46:15 | User Error | fdsaef
02.08.2025 08:48:55 | User Error | fdsaef
02.08.2025 08:51:33 | User Error | fdsaef
02.08.2025 08:52:34 | User Error | fdsaef
