02.14.2025 09:59:58 | User Error | log file not found
02.14.2025 10:04:14 | User Error | email sent yet
02.14.2025 10:04:20 | User Error | email sent yet
02.14.2025 10:04:37 | User Error | log file not found
02.14.2025 10:26:38 | User Error | email sent yet
02.14.2025 10:26:49 | User Error | fdsaefdsae
02.14.2025 10:27:31 | User Error | fdsaef
02.14.2025 10:31:00 | User Error | fdsaef
02.14.2025 10:31:20 | User Error | fdsaef
02.14.2025 10:31:31 | User Error | fdsaef
02.14.2025 10:32:10 | User Error | fdsaef
02.14.2025 10:32:46 | User Error | fdsaefdsa
02.14.2025 10:32:59 | User Error | fdsaefdsa
02.14.2025 10:33:17 | User Error | fdsaefdsaef
02.14.2025 10:33:35 | User Error | fdsaefdsaef
02.14.2025 10:33:55 | User Error | fdsaefdsaef
02.14.2025 07:40:57 | User Error | email sent yet
02.14.2025 07:41:37 | User Error | email sent yet
02.14.2025 07:41:46 | User Error | email sent yet
02.14.2025 07:41:49 | User Error | email sent yet
02.14.2025 08:06:18 | User Error | fdsaefdsa
02.14.2025 08:10:50 | User Error | fdsaefdsa
02.14.2025 08:11:15 | User Error | fdsaefdsa
02.14.2025 08:12:20 | User Error | fdsaefds
02.14.2025 08:13:01 | User Error | fdsaefdsae
02.14.2025 08:14:23 | User Error | fdsaefdsaef
02.14.2025 08:15:49 | User Error | fdsaefdsaef
02.14.2025 08:16:07 | User Error | fdsaefdsaef
02.14.2025 08:18:22 | User Error | fdsaefdsa
02.14.2025 08:19:14 | User Error | fdsaefdsa
02.14.2025 08:19:35 | User Error | fdsaefdsaef
